[2024-07-03T07:54:35.081Z] GET /
[2024-07-03T07:54:35.119Z] GET /css/style.css
[2024-07-03T07:54:35.122Z] GET /css/index.css
[2024-07-03T07:54:35.130Z] GET /css/orgDashboard.css
[2024-07-03T07:54:35.136Z] GET /css/classDashboard.css
[2024-07-03T07:54:35.140Z] GET /css/attendance.css
[2024-07-03T07:54:35.143Z] GET /css/attendanceCollection.css
[2024-07-03T07:54:35.147Z] GET /css/addStudent.css
[2024-07-03T07:54:35.154Z] GET /css/assessment.css
[2024-07-03T07:54:35.157Z] GET /css/deleteStudent.css
[2024-07-03T07:54:35.157Z] GET /css/editStudent.css
[2024-07-03T07:54:35.165Z] GET /css/manageClassSubjectAndGradYr.css
[2024-07-03T07:54:35.166Z] GET /css/manageRecords.css
[2024-07-03T07:54:35.171Z] GET /css/registerSchoolYear.css
[2024-07-03T07:54:35.172Z] GET /css/studentDetails.css
[2024-07-03T07:54:35.172Z] GET /css/PublicDashboard.css
[2024-07-03T07:54:35.175Z] GET /css/createEmployee.css
[2024-07-03T07:54:35.175Z] GET /css/manageStudents.css
[2024-07-03T07:54:35.176Z] GET /css/applicationList.css
[2024-07-03T07:54:35.183Z] GET /css/addClassSubject.css
[2024-07-03T07:54:35.184Z] GET /js/management.js
[2024-07-03T07:54:35.186Z] GET /images/1place.png
[2024-07-03T07:54:35.187Z] GET /images/home.jpeg
[2024-07-03T07:54:35.191Z] GET /images/bea.jpeg
[2024-07-03T07:54:35.192Z] GET /images/beach.jpeg
[2024-07-03T07:54:35.196Z] GET /js/script.js
[2024-07-03T07:54:35.198Z] GET /js/index.js
[2024-07-03T07:54:35.200Z] GET /js/orgDashboard.js
[2024-07-03T07:54:35.203Z] GET /js/classDashboard.js
[2024-07-03T07:54:35.206Z] GET /js/attendance.js
[2024-07-03T07:54:35.208Z] GET /js/attendanceCollection.js
[2024-07-03T07:54:35.221Z] GET /js/addStudent.js
[2024-07-03T07:54:35.222Z] GET /js/assessment.js
[2024-07-03T07:54:35.225Z] GET /js/deleteStudent.js
[2024-07-03T07:54:35.226Z] GET /js/editStudent.js
[2024-07-03T07:54:35.227Z] GET /js/manageClassSubjectAndGradYr.js
[2024-07-03T07:54:35.231Z] GET /js/manageRecords.js
[2024-07-03T07:54:35.232Z] GET /js/registerSchoolYear.js
[2024-07-03T07:54:35.232Z] GET /js/studentDetails.js
[2024-07-03T07:54:35.234Z] GET /js/createEmployee.js
[2024-07-03T07:54:35.235Z] GET /js/manageStudents.js
[2024-07-03T07:54:35.235Z] GET /js/applicationList.js
[2024-07-03T07:54:35.237Z] GET /js/addClassSubject.js
[2024-07-03T07:54:49.552Z] GET /account/login
[2024-07-03T07:54:49.582Z] GET /css/style.css
[2024-07-03T07:54:49.588Z] GET /css/index.css
[2024-07-03T07:54:49.588Z] GET /css/orgDashboard.css
[2024-07-03T07:54:49.591Z] GET /css/addStudent.css
[2024-07-03T07:54:49.591Z] GET /css/classDashboard.css
[2024-07-03T07:54:49.592Z] GET /css/attendance.css
[2024-07-03T07:54:49.593Z] GET /css/attendanceCollection.css
[2024-07-03T07:54:49.593Z] GET /css/assessment.css
[2024-07-03T07:54:49.593Z] GET /css/deleteStudent.css
[2024-07-03T07:54:49.596Z] GET /css/editStudent.css
[2024-07-03T07:54:49.597Z] GET /css/manageClassSubjectAndGradYr.css
[2024-07-03T07:54:49.597Z] GET /css/manageRecords.css
[2024-07-03T07:54:49.597Z] GET /css/registerSchoolYear.css
[2024-07-03T07:54:49.598Z] GET /css/studentDetails.css
[2024-07-03T07:54:49.598Z] GET /css/PublicDashboard.css
[2024-07-03T07:54:49.603Z] GET /css/createEmployee.css
[2024-07-03T07:54:49.603Z] GET /css/manageStudents.css
[2024-07-03T07:54:49.604Z] GET /css/applicationList.css
[2024-07-03T07:54:49.604Z] GET /css/addClassSubject.css
[2024-07-03T07:54:49.604Z] GET /js/management.js
[2024-07-03T07:54:49.604Z] GET /images/1place.png
[2024-07-03T07:54:49.632Z] GET /js/script.js
[2024-07-03T07:54:49.633Z] GET /js/index.js
[2024-07-03T07:54:49.636Z] GET /js/orgDashboard.js
[2024-07-03T07:54:49.637Z] GET /js/classDashboard.js
[2024-07-03T07:54:49.641Z] GET /js/attendance.js
[2024-07-03T07:54:49.642Z] GET /js/attendanceCollection.js
[2024-07-03T07:54:49.642Z] GET /js/addStudent.js
[2024-07-03T07:54:49.642Z] GET /js/assessment.js
[2024-07-03T07:54:49.642Z] GET /js/deleteStudent.js
[2024-07-03T07:54:49.646Z] GET /js/editStudent.js
[2024-07-03T07:54:49.652Z] GET /js/manageClassSubjectAndGradYr.js
[2024-07-03T07:54:49.653Z] GET /js/manageRecords.js
[2024-07-03T07:54:49.655Z] GET /js/registerSchoolYear.js
[2024-07-03T07:54:49.656Z] GET /js/studentDetails.js
[2024-07-03T07:54:49.657Z] GET /js/createEmployee.js
[2024-07-03T07:54:49.657Z] GET /js/manageStudents.js
[2024-07-03T07:54:49.663Z] GET /js/applicationList.js
[2024-07-03T07:54:49.665Z] GET /js/addClassSubject.js
[2024-07-03T07:54:56.391Z] POST /account/login
[2024-07-03T07:54:57.085Z] GET /common/orgDashboard
[2024-07-03T07:55:32.925Z] GET /account/login
[2024-07-03T07:55:33.168Z] GET /css/style.css
[2024-07-03T07:55:33.170Z] GET /css/index.css
[2024-07-03T07:55:33.172Z] GET /css/orgDashboard.css
[2024-07-03T07:55:33.175Z] GET /css/classDashboard.css
[2024-07-03T07:55:33.176Z] GET /css/attendance.css
[2024-07-03T07:55:33.177Z] GET /css/attendanceCollection.css
[2024-07-03T07:55:33.221Z] GET /css/addStudent.css
[2024-07-03T07:55:33.274Z] GET /css/assessment.css
[2024-07-03T07:55:33.327Z] GET /css/deleteStudent.css
[2024-07-03T07:55:33.388Z] GET /css/editStudent.css
[2024-07-03T07:55:33.441Z] GET /css/applicationList.css
[2024-07-03T07:55:33.672Z] GET /css/addClassSubject.css
[2024-07-03T07:55:33.725Z] GET /css/manageClassSubjectAndGradYr.css
[2024-07-03T07:55:33.730Z] GET /css/manageRecords.css
[2024-07-03T07:55:33.777Z] GET /css/registerSchoolYear.css
[2024-07-03T07:55:33.778Z] GET /css/studentDetails.css
[2024-07-03T07:55:33.780Z] GET /css/PublicDashboard.css
[2024-07-03T07:55:33.785Z] GET /css/createEmployee.css
[2024-07-03T07:55:33.786Z] GET /css/manageStudents.css
[2024-07-03T07:55:33.786Z] GET /js/management.js
[2024-07-03T07:55:33.881Z] GET /images/1place.png
[2024-07-03T07:55:33.882Z] GET /js/script.js
[2024-07-03T07:55:33.883Z] GET /js/index.js
[2024-07-03T07:55:33.884Z] GET /js/orgDashboard.js
[2024-07-03T07:55:33.888Z] GET /js/classDashboard.js
[2024-07-03T07:55:33.889Z] GET /js/attendance.js
[2024-07-03T07:55:33.939Z] GET /js/attendanceCollection.js
[2024-07-03T07:55:33.940Z] GET /js/addStudent.js
[2024-07-03T07:55:33.942Z] GET /js/assessment.js
[2024-07-03T07:55:33.942Z] GET /js/deleteStudent.js
[2024-07-03T07:55:33.944Z] GET /js/editStudent.js
[2024-07-03T07:55:33.945Z] GET /js/manageClassSubjectAndGradYr.js
[2024-07-03T07:55:34.072Z] GET /js/manageRecords.js
[2024-07-03T07:55:34.075Z] GET /js/registerSchoolYear.js
[2024-07-03T07:55:34.076Z] GET /js/studentDetails.js
[2024-07-03T07:55:34.076Z] GET /js/createEmployee.js
[2024-07-03T07:55:34.076Z] GET /js/manageStudents.js
[2024-07-03T07:55:34.076Z] GET /js/applicationList.js
[2024-07-03T07:55:34.204Z] GET /js/addClassSubject.js
[2024-07-03T07:55:48.714Z] POST /account/login
[2024-07-03T07:55:49.002Z] GET /common/orgDashboard
[2024-07-03T07:55:57.359Z] GET /common/manageRecords
[2024-07-03T07:56:00.805Z] GET /account/logout
[2024-07-03T07:56:00.949Z] GET /
[2024-07-03T07:56:00.963Z] GET /css/style.css
[2024-07-03T07:56:00.966Z] GET /css/index.css
[2024-07-03T07:56:00.967Z] GET /css/attendanceCollection.css
[2024-07-03T07:56:00.967Z] GET /css/orgDashboard.css
[2024-07-03T07:56:00.967Z] GET /css/classDashboard.css
[2024-07-03T07:56:00.967Z] GET /css/attendance.css
[2024-07-03T07:56:00.969Z] GET /css/addStudent.css
[2024-07-03T07:56:00.970Z] GET /css/assessment.css
[2024-07-03T07:56:00.981Z] GET /css/deleteStudent.css
[2024-07-03T07:56:00.981Z] GET /css/editStudent.css
[2024-07-03T07:56:00.985Z] GET /css/manageClassSubjectAndGradYr.css
[2024-07-03T07:56:00.985Z] GET /css/manageRecords.css
[2024-07-03T07:56:00.989Z] GET /css/registerSchoolYear.css
[2024-07-03T07:56:00.989Z] GET /css/studentDetails.css
[2024-07-03T07:56:00.990Z] GET /css/PublicDashboard.css
[2024-07-03T07:56:00.991Z] GET /css/createEmployee.css
[2024-07-03T07:56:00.995Z] GET /css/manageStudents.css
[2024-07-03T07:56:00.996Z] GET /css/applicationList.css
[2024-07-03T07:56:00.998Z] GET /css/addClassSubject.css
[2024-07-03T07:56:00.998Z] GET /js/management.js
[2024-07-03T07:56:00.998Z] GET /images/home.jpeg
[2024-07-03T07:56:00.999Z] GET /images/1place.png
[2024-07-03T07:56:01.006Z] GET /images/bea.jpeg
[2024-07-03T07:56:01.007Z] GET /images/beach.jpeg
[2024-07-03T07:56:01.008Z] GET /js/script.js
[2024-07-03T07:56:01.008Z] GET /js/index.js
[2024-07-03T07:56:01.010Z] GET /js/orgDashboard.js
[2024-07-03T07:56:01.010Z] GET /js/classDashboard.js
[2024-07-03T07:56:01.013Z] GET /js/attendance.js
[2024-07-03T07:56:01.016Z] GET /js/attendanceCollection.js
[2024-07-03T07:56:01.016Z] GET /js/addStudent.js
[2024-07-03T07:56:01.016Z] GET /js/deleteStudent.js
[2024-07-03T07:56:01.016Z] GET /js/assessment.js
[2024-07-03T07:56:01.019Z] GET /js/editStudent.js
[2024-07-03T07:56:01.020Z] GET /js/manageClassSubjectAndGradYr.js
[2024-07-03T07:56:01.021Z] GET /js/manageRecords.js
[2024-07-03T07:56:01.023Z] GET /js/registerSchoolYear.js
[2024-07-03T07:56:01.023Z] GET /js/studentDetails.js
[2024-07-03T07:56:01.024Z] GET /js/createEmployee.js
[2024-07-03T07:56:01.027Z] GET /js/manageStudents.js
[2024-07-03T07:56:01.027Z] GET /js/applicationList.js
[2024-07-03T07:56:01.033Z] GET /js/addClassSubject.js
[2024-07-03T07:56:02.768Z] GET /account/login
[2024-07-03T07:56:02.804Z] GET /css/style.css
[2024-07-03T07:56:02.805Z] GET /css/index.css
[2024-07-03T07:56:02.806Z] GET /css/orgDashboard.css
[2024-07-03T07:56:02.809Z] GET /css/classDashboard.css
[2024-07-03T07:56:02.811Z] GET /css/attendance.css
[2024-07-03T07:56:02.813Z] GET /css/attendanceCollection.css
[2024-07-03T07:56:02.813Z] GET /css/addStudent.css
[2024-07-03T07:56:02.815Z] GET /css/assessment.css
[2024-07-03T07:56:02.815Z] GET /css/deleteStudent.css
[2024-07-03T07:56:02.816Z] GET /css/editStudent.css
[2024-07-03T07:56:02.817Z] GET /css/manageClassSubjectAndGradYr.css
[2024-07-03T07:56:02.818Z] GET /css/manageRecords.css
[2024-07-03T07:56:02.818Z] GET /css/registerSchoolYear.css
[2024-07-03T07:56:02.819Z] GET /css/studentDetails.css
[2024-07-03T07:56:02.820Z] GET /css/PublicDashboard.css
[2024-07-03T07:56:02.820Z] GET /css/createEmployee.css
[2024-07-03T07:56:02.821Z] GET /css/manageStudents.css
[2024-07-03T07:56:02.821Z] GET /css/applicationList.css
[2024-07-03T07:56:02.823Z] GET /css/addClassSubject.css
[2024-07-03T07:56:02.824Z] GET /js/management.js
[2024-07-03T07:56:02.825Z] GET /images/1place.png
[2024-07-03T07:56:02.837Z] GET /js/script.js
[2024-07-03T07:56:02.839Z] GET /js/index.js
[2024-07-03T07:56:02.843Z] GET /js/orgDashboard.js
[2024-07-03T07:56:02.844Z] GET /js/classDashboard.js
[2024-07-03T07:56:02.845Z] GET /js/attendance.js
[2024-07-03T07:56:02.845Z] GET /js/attendanceCollection.js
[2024-07-03T07:56:02.856Z] GET /js/addStudent.js
[2024-07-03T07:56:02.856Z] GET /js/assessment.js
[2024-07-03T07:56:02.860Z] GET /js/deleteStudent.js
[2024-07-03T07:56:02.861Z] GET /js/editStudent.js
[2024-07-03T07:56:02.861Z] GET /js/manageClassSubjectAndGradYr.js
[2024-07-03T07:56:02.861Z] GET /js/manageRecords.js
[2024-07-03T07:56:02.865Z] GET /js/registerSchoolYear.js
[2024-07-03T07:56:02.867Z] GET /js/studentDetails.js
[2024-07-03T07:56:02.867Z] GET /js/createEmployee.js
[2024-07-03T07:56:02.867Z] GET /js/manageStudents.js
[2024-07-03T07:56:02.867Z] GET /js/applicationList.js
[2024-07-03T07:56:02.867Z] GET /js/addClassSubject.js
[2024-07-03T07:56:07.606Z] POST /account/login
[2024-07-03T07:56:07.874Z] GET /common/orgDashboard
[2024-07-03T07:56:20.805Z] GET /account/login
[2024-07-03T07:56:20.921Z] GET /css/style.css
[2024-07-03T07:56:20.927Z] GET /css/index.css
[2024-07-03T07:56:20.927Z] GET /css/orgDashboard.css
[2024-07-03T07:56:20.928Z] GET /css/classDashboard.css
[2024-07-03T07:56:20.929Z] GET /css/attendance.css
[2024-07-03T07:56:20.930Z] GET /css/attendanceCollection.css
[2024-07-03T07:56:20.978Z] GET /css/addStudent.css
[2024-07-03T07:56:20.983Z] GET /css/assessment.css
[2024-07-03T07:56:20.983Z] GET /css/deleteStudent.css
[2024-07-03T07:56:20.983Z] GET /css/editStudent.css
[2024-07-03T07:56:20.986Z] GET /css/manageClassSubjectAndGradYr.css
[2024-07-03T07:56:20.987Z] GET /css/manageRecords.css
[2024-07-03T07:56:21.034Z] GET /css/registerSchoolYear.css
[2024-07-03T07:56:21.036Z] GET /css/studentDetails.css
[2024-07-03T07:56:21.039Z] GET /css/PublicDashboard.css
[2024-07-03T07:56:21.039Z] GET /css/createEmployee.css
[2024-07-03T07:56:21.047Z] GET /css/manageStudents.css
[2024-07-03T07:56:21.052Z] GET /css/applicationList.css
[2024-07-03T07:56:21.088Z] GET /css/addClassSubject.css
[2024-07-03T07:56:21.090Z] GET /js/management.js
[2024-07-03T07:56:21.096Z] GET /images/1place.png
[2024-07-03T07:56:21.147Z] GET /js/script.js
[2024-07-03T07:56:21.149Z] GET /js/index.js
[2024-07-03T07:56:21.150Z] GET /js/orgDashboard.js
[2024-07-03T07:56:21.150Z] GET /js/classDashboard.js
[2024-07-03T07:56:21.151Z] GET /js/attendance.js
[2024-07-03T07:56:21.152Z] GET /js/attendanceCollection.js
[2024-07-03T07:56:21.252Z] GET /js/addStudent.js
[2024-07-03T07:56:21.254Z] GET /js/assessment.js
[2024-07-03T07:56:21.254Z] GET /js/deleteStudent.js
[2024-07-03T07:56:21.254Z] GET /js/editStudent.js
[2024-07-03T07:56:21.255Z] GET /js/manageClassSubjectAndGradYr.js
[2024-07-03T07:56:21.255Z] GET /js/manageRecords.js
[2024-07-03T07:56:21.386Z] GET /js/registerSchoolYear.js
[2024-07-03T07:56:21.387Z] GET /js/studentDetails.js
[2024-07-03T07:56:21.388Z] GET /js/createEmployee.js
[2024-07-03T07:56:21.388Z] GET /js/manageStudents.js
[2024-07-03T07:56:21.388Z] GET /js/applicationList.js
[2024-07-03T07:56:21.388Z] GET /js/addClassSubject.js
[2024-07-03T07:56:25.639Z] POST /account/login
[2024-07-03T07:56:25.877Z] GET /common/orgDashboard
[2024-07-03T07:56:29.100Z] GET /account/login
[2024-07-03T08:30:35.338Z] GET /
[2024-07-03T08:30:35.379Z] GET /css/style.css
[2024-07-03T08:30:35.380Z] GET /css/index.css
[2024-07-03T08:30:35.384Z] GET /css/orgDashboard.css
[2024-07-03T08:30:35.387Z] GET /css/addStudent.css
[2024-07-03T08:30:35.387Z] GET /css/classDashboard.css
[2024-07-03T08:30:35.394Z] GET /css/assessment.css
[2024-07-03T08:30:35.395Z] GET /css/deleteStudent.css
[2024-07-03T08:30:35.396Z] GET /css/attendance.css
[2024-07-03T08:30:35.410Z] GET /css/editStudent.css
[2024-07-03T08:30:35.411Z] GET /css/manageClassSubjectAndGradYr.css
[2024-07-03T08:30:35.411Z] GET /css/attendanceCollection.css
[2024-07-03T08:30:35.416Z] GET /css/manageRecords.css
[2024-07-03T08:30:35.418Z] GET /css/registerSchoolYear.css
[2024-07-03T08:30:35.419Z] GET /css/studentDetails.css
[2024-07-03T08:30:35.426Z] GET /css/PublicDashboard.css
[2024-07-03T08:30:35.426Z] GET /css/createEmployee.css
[2024-07-03T08:30:35.434Z] GET /css/manageStudents.css
[2024-07-03T08:30:35.435Z] GET /css/applicationList.css
[2024-07-03T08:30:35.435Z] GET /css/addClassSubject.css
[2024-07-03T08:30:35.440Z] GET /js/management.js
[2024-07-03T08:30:35.440Z] GET /images/1place.png
[2024-07-03T08:30:35.444Z] GET /images/home.jpeg
[2024-07-03T08:30:35.451Z] GET /images/bea.jpeg
[2024-07-03T08:30:35.451Z] GET /images/beach.jpeg
[2024-07-03T08:30:35.451Z] GET /js/script.js
[2024-07-03T08:30:35.451Z] GET /js/index.js
[2024-07-03T08:30:35.452Z] GET /js/orgDashboard.js
[2024-07-03T08:30:35.453Z] GET /js/classDashboard.js
[2024-07-03T08:30:35.456Z] GET /js/attendance.js
[2024-07-03T08:30:35.458Z] GET /js/attendanceCollection.js
[2024-07-03T08:30:35.458Z] GET /js/addStudent.js
[2024-07-03T08:30:35.459Z] GET /js/assessment.js
[2024-07-03T08:30:35.459Z] GET /js/deleteStudent.js
[2024-07-03T08:30:35.461Z] GET /js/editStudent.js
[2024-07-03T08:30:35.462Z] GET /js/manageClassSubjectAndGradYr.js
[2024-07-03T08:30:35.464Z] GET /js/manageRecords.js
[2024-07-03T08:30:35.465Z] GET /js/registerSchoolYear.js
[2024-07-03T08:30:35.465Z] GET /js/studentDetails.js
[2024-07-03T08:30:35.468Z] GET /js/createEmployee.js
[2024-07-03T08:30:35.468Z] GET /js/manageStudents.js
[2024-07-03T08:30:35.470Z] GET /js/applicationList.js
[2024-07-03T08:30:35.470Z] GET /js/addClassSubject.js
[2024-07-03T08:30:47.590Z] GET /account/login
[2024-07-03T08:30:47.643Z] GET /css/style.css
[2024-07-03T08:30:47.646Z] GET /css/index.css
[2024-07-03T08:30:47.648Z] GET /css/orgDashboard.css
[2024-07-03T08:30:47.649Z] GET /css/attendanceCollection.css
[2024-07-03T08:30:47.652Z] GET /css/classDashboard.css
[2024-07-03T08:30:47.656Z] GET /css/attendance.css
[2024-07-03T08:30:47.657Z] GET /css/addStudent.css
[2024-07-03T08:30:47.662Z] GET /css/assessment.css
[2024-07-03T08:30:47.662Z] GET /css/deleteStudent.css
[2024-07-03T08:30:47.662Z] GET /css/editStudent.css
[2024-07-03T08:30:47.662Z] GET /css/manageClassSubjectAndGradYr.css
[2024-07-03T08:30:47.665Z] GET /css/manageRecords.css
[2024-07-03T08:30:47.667Z] GET /css/registerSchoolYear.css
[2024-07-03T08:30:47.667Z] GET /css/studentDetails.css
[2024-07-03T08:30:47.669Z] GET /css/PublicDashboard.css
[2024-07-03T08:30:47.669Z] GET /css/createEmployee.css
[2024-07-03T08:30:47.669Z] GET /css/manageStudents.css
[2024-07-03T08:30:47.669Z] GET /css/applicationList.css
[2024-07-03T08:30:47.673Z] GET /css/addClassSubject.css
[2024-07-03T08:30:47.673Z] GET /js/management.js
[2024-07-03T08:30:47.676Z] GET /images/1place.png
[2024-07-03T08:30:47.685Z] GET /js/script.js
[2024-07-03T08:30:47.686Z] GET /js/index.js
[2024-07-03T08:30:47.690Z] GET /js/orgDashboard.js
[2024-07-03T08:30:47.690Z] GET /js/classDashboard.js
[2024-07-03T08:30:47.691Z] GET /js/attendance.js
[2024-07-03T08:30:47.692Z] GET /js/attendanceCollection.js
[2024-07-03T08:30:47.696Z] GET /js/addStudent.js
[2024-07-03T08:30:47.696Z] GET /js/assessment.js
[2024-07-03T08:30:47.699Z] GET /js/deleteStudent.js
[2024-07-03T08:30:47.700Z] GET /js/editStudent.js
[2024-07-03T08:30:47.700Z] GET /js/manageClassSubjectAndGradYr.js
[2024-07-03T08:30:47.700Z] GET /js/manageRecords.js
[2024-07-03T08:30:47.701Z] GET /js/registerSchoolYear.js
[2024-07-03T08:30:47.701Z] GET /js/studentDetails.js
[2024-07-03T08:30:47.706Z] GET /js/createEmployee.js
[2024-07-03T08:30:47.706Z] GET /js/manageStudents.js
[2024-07-03T08:30:47.708Z] GET /js/applicationList.js
[2024-07-03T08:30:47.708Z] GET /js/addClassSubject.js
[2024-07-03T08:30:53.161Z] POST /account/login
[2024-07-03T08:30:54.177Z] GET /common/orgDashboard
[2024-07-03T08:37:48.502Z] GET /common/orgDashboard
[2024-07-03T08:47:06.573Z] GET /common/orgDashboard
[2024-07-03T08:47:06.583Z] GET /account/login
[2024-07-03T08:47:06.613Z] GET /css/style.css
[2024-07-03T08:47:06.619Z] GET /css/index.css
[2024-07-03T08:47:06.620Z] GET /css/orgDashboard.css
[2024-07-03T08:47:06.626Z] GET /css/classDashboard.css
[2024-07-03T08:47:06.632Z] GET /css/attendance.css
[2024-07-03T08:47:06.633Z] GET /css/attendanceCollection.css
[2024-07-03T08:47:06.634Z] GET /css/addStudent.css
[2024-07-03T08:47:06.640Z] GET /css/assessment.css
[2024-07-03T08:47:06.644Z] GET /css/deleteStudent.css
[2024-07-03T08:47:06.645Z] GET /css/editStudent.css
[2024-07-03T08:47:06.649Z] GET /css/manageClassSubjectAndGradYr.css
[2024-07-03T08:47:06.649Z] GET /css/manageRecords.css
[2024-07-03T08:47:06.650Z] GET /css/registerSchoolYear.css
[2024-07-03T08:47:06.654Z] GET /css/studentDetails.css
[2024-07-03T08:47:06.655Z] GET /css/PublicDashboard.css
[2024-07-03T08:47:06.656Z] GET /css/createEmployee.css
[2024-07-03T08:47:06.658Z] GET /css/manageStudents.css
[2024-07-03T08:47:06.658Z] GET /css/applicationList.css
[2024-07-03T08:47:06.659Z] GET /css/addClassSubject.css
[2024-07-03T08:47:06.665Z] GET /js/management.js
[2024-07-03T08:47:06.665Z] GET /images/1place.png
[2024-07-03T08:47:06.669Z] GET /js/script.js
[2024-07-03T08:47:06.670Z] GET /js/index.js
[2024-07-03T08:47:06.670Z] GET /js/orgDashboard.js
[2024-07-03T08:47:06.674Z] GET /js/classDashboard.js
[2024-07-03T08:47:06.675Z] GET /js/attendance.js
[2024-07-03T08:47:06.675Z] GET /js/attendanceCollection.js
[2024-07-03T08:47:06.679Z] GET /js/addStudent.js
[2024-07-03T08:47:06.715Z] GET /js/assessment.js
[2024-07-03T08:47:06.717Z] GET /js/deleteStudent.js
[2024-07-03T08:47:06.718Z] GET /js/editStudent.js
[2024-07-03T08:47:06.720Z] GET /js/manageClassSubjectAndGradYr.js
[2024-07-03T08:47:06.724Z] GET /js/manageRecords.js
[2024-07-03T08:47:06.725Z] GET /js/registerSchoolYear.js
[2024-07-03T08:47:06.725Z] GET /js/studentDetails.js
[2024-07-03T08:47:06.729Z] GET /js/createEmployee.js
[2024-07-03T08:47:06.729Z] GET /js/manageStudents.js
[2024-07-03T08:47:06.730Z] GET /js/applicationList.js
[2024-07-03T08:47:06.732Z] GET /js/addClassSubject.js
[2024-07-03T08:59:03.993Z] GET /account/login
[2024-07-03T08:59:04.029Z] GET /css/style.css
[2024-07-03T08:59:04.032Z] GET /css/index.css
[2024-07-03T08:59:04.034Z] GET /css/orgDashboard.css
[2024-07-03T08:59:04.043Z] GET /css/classDashboard.css
[2024-07-03T08:59:04.043Z] GET /css/attendance.css
[2024-07-03T08:59:04.044Z] GET /css/addStudent.css
[2024-07-03T08:59:04.044Z] GET /css/assessment.css
[2024-07-03T08:59:04.046Z] GET /css/attendanceCollection.css
[2024-07-03T08:59:04.053Z] GET /css/deleteStudent.css
[2024-07-03T08:59:04.057Z] GET /css/editStudent.css
[2024-07-03T08:59:04.057Z] GET /css/manageClassSubjectAndGradYr.css
[2024-07-03T08:59:04.057Z] GET /css/addClassSubject.css
[2024-07-03T08:59:04.058Z] GET /css/manageRecords.css
[2024-07-03T08:59:04.058Z] GET /css/registerSchoolYear.css
[2024-07-03T08:59:04.074Z] GET /css/PublicDashboard.css
[2024-07-03T08:59:04.074Z] GET /css/createEmployee.css
[2024-07-03T08:59:04.074Z] GET /css/manageStudents.css
[2024-07-03T08:59:04.081Z] GET /css/applicationList.css
[2024-07-03T08:59:04.081Z] GET /js/management.js
[2024-07-03T08:59:04.082Z] GET /css/studentDetails.css
[2024-07-03T08:59:04.086Z] GET /images/1place.png
[2024-07-03T08:59:04.098Z] GET /js/script.js
[2024-07-03T08:59:04.100Z] GET /js/index.js
[2024-07-03T08:59:04.101Z] GET /js/orgDashboard.js
[2024-07-03T08:59:04.101Z] GET /js/classDashboard.js
[2024-07-03T08:59:04.101Z] GET /js/attendance.js
[2024-07-03T08:59:04.101Z] GET /js/attendanceCollection.js
[2024-07-03T08:59:04.106Z] GET /js/deleteStudent.js
[2024-07-03T08:59:04.107Z] GET /js/addStudent.js
[2024-07-03T08:59:04.107Z] GET /js/assessment.js
[2024-07-03T08:59:04.108Z] GET /js/editStudent.js
[2024-07-03T08:59:04.108Z] GET /js/manageClassSubjectAndGradYr.js
[2024-07-03T08:59:04.111Z] GET /js/manageRecords.js
[2024-07-03T08:59:04.114Z] GET /js/registerSchoolYear.js
[2024-07-03T08:59:04.116Z] GET /js/studentDetails.js
[2024-07-03T08:59:04.116Z] GET /js/createEmployee.js
[2024-07-03T08:59:04.116Z] GET /js/manageStudents.js
[2024-07-03T08:59:04.116Z] GET /js/applicationList.js
[2024-07-03T08:59:04.120Z] GET /js/addClassSubject.js
[2024-07-03T08:59:10.698Z] POST /account/login
[2024-07-03T08:59:11.395Z] GET /common/orgDashboard
[2024-07-03T08:59:21.939Z] GET /account/login
[2024-07-03T21:52:15.903Z] GET /
[2024-07-03T21:52:15.951Z] GET /css/orgDashboard.css
[2024-07-03T21:52:15.954Z] GET /css/index.css
[2024-07-03T21:52:15.960Z] GET /css/style.css
[2024-07-03T21:52:15.978Z] GET /css/classDashboard.css
[2024-07-03T21:52:15.982Z] GET /css/attendance.css
[2024-07-03T21:52:15.984Z] GET /css/attendanceCollection.css
[2024-07-03T21:52:15.986Z] GET /css/addStudent.css
[2024-07-03T21:52:15.993Z] GET /css/assessment.css
[2024-07-03T21:52:15.995Z] GET /css/editStudent.css
[2024-07-03T21:52:15.995Z] GET /css/deleteStudent.css
[2024-07-03T21:52:16.001Z] GET /css/manageClassSubjectAndGradYr.css
[2024-07-03T21:52:16.002Z] GET /css/manageRecords.css
[2024-07-03T21:52:16.002Z] GET /css/registerSchoolYear.css
[2024-07-03T21:52:16.008Z] GET /css/studentDetails.css
[2024-07-03T21:52:16.010Z] GET /css/PublicDashboard.css
[2024-07-03T21:52:16.013Z] GET /css/createEmployee.css
[2024-07-03T21:52:16.015Z] GET /css/manageStudents.css
[2024-07-03T21:52:16.016Z] GET /css/applicationList.css
[2024-07-03T21:52:16.031Z] GET /css/addClassSubject.css
[2024-07-03T21:52:16.034Z] GET /images/1place.png
[2024-07-03T21:52:16.038Z] GET /images/home.jpeg
[2024-07-03T21:52:16.039Z] GET /js/management.js
[2024-07-03T21:52:16.050Z] GET /images/bea.jpeg
[2024-07-03T21:52:16.052Z] GET /images/beach.jpeg
[2024-07-03T21:52:16.053Z] GET /js/script.js
[2024-07-03T21:52:16.063Z] GET /js/index.js
[2024-07-03T21:52:16.066Z] GET /js/orgDashboard.js
[2024-07-03T21:52:16.067Z] GET /js/classDashboard.js
[2024-07-03T21:52:16.072Z] GET /js/attendance.js
[2024-07-03T21:52:16.073Z] GET /js/attendanceCollection.js
[2024-07-03T21:52:16.087Z] GET /js/addStudent.js
[2024-07-03T21:52:16.088Z] GET /js/assessment.js
[2024-07-03T21:52:16.096Z] GET /js/deleteStudent.js
[2024-07-03T21:52:16.115Z] GET /js/manageClassSubjectAndGradYr.js
[2024-07-03T21:52:16.124Z] GET /js/manageRecords.js
[2024-07-03T21:52:16.126Z] GET /js/editStudent.js
[2024-07-03T21:52:16.127Z] GET /js/studentDetails.js
[2024-07-03T21:52:16.131Z] GET /js/registerSchoolYear.js
[2024-07-03T21:52:16.133Z] GET /js/manageStudents.js
[2024-07-03T21:52:16.134Z] GET /js/applicationList.js
[2024-07-03T21:52:16.141Z] GET /js/createEmployee.js
[2024-07-03T21:52:16.142Z] GET /js/addClassSubject.js
[2024-07-03T21:52:18.634Z] GET /account/login
[2024-07-03T21:52:18.667Z] GET /css/style.css
[2024-07-03T21:52:18.670Z] GET /css/index.css
[2024-07-03T21:52:18.674Z] GET /css/orgDashboard.css
[2024-07-03T21:52:18.676Z] GET /css/applicationList.css
[2024-07-03T21:52:18.677Z] GET /css/addClassSubject.css
[2024-07-03T21:52:18.678Z] GET /css/classDashboard.css
[2024-07-03T21:52:18.680Z] GET /css/attendance.css
[2024-07-03T21:52:18.681Z] GET /css/addStudent.css
[2024-07-03T21:52:18.682Z] GET /css/attendanceCollection.css
[2024-07-03T21:52:18.683Z] GET /css/assessment.css
[2024-07-03T21:52:18.684Z] GET /css/deleteStudent.css
[2024-07-03T21:52:18.684Z] GET /css/editStudent.css
[2024-07-03T21:52:18.686Z] GET /css/manageClassSubjectAndGradYr.css
[2024-07-03T21:52:18.686Z] GET /css/manageRecords.css
[2024-07-03T21:52:18.688Z] GET /css/registerSchoolYear.css
[2024-07-03T21:52:18.689Z] GET /css/studentDetails.css
[2024-07-03T21:52:18.692Z] GET /css/PublicDashboard.css
[2024-07-03T21:52:18.693Z] GET /css/createEmployee.css
[2024-07-03T21:52:18.696Z] GET /css/manageStudents.css
[2024-07-03T21:52:18.697Z] GET /js/management.js
[2024-07-03T21:52:18.697Z] GET /images/1place.png
[2024-07-03T21:52:18.723Z] GET /js/script.js
[2024-07-03T21:52:18.731Z] GET /js/index.js
[2024-07-03T21:52:18.733Z] GET /js/orgDashboard.js
[2024-07-03T21:52:18.733Z] GET /js/classDashboard.js
[2024-07-03T21:52:18.733Z] GET /js/attendance.js
[2024-07-03T21:52:18.733Z] GET /js/attendanceCollection.js
[2024-07-03T21:52:18.733Z] GET /js/addStudent.js
[2024-07-03T21:52:18.739Z] GET /js/deleteStudent.js
[2024-07-03T21:52:18.746Z] GET /js/assessment.js
[2024-07-03T21:52:18.746Z] GET /js/editStudent.js
[2024-07-03T21:52:18.746Z] GET /js/manageClassSubjectAndGradYr.js
[2024-07-03T21:52:18.748Z] GET /js/manageRecords.js
[2024-07-03T21:52:18.752Z] GET /js/registerSchoolYear.js
[2024-07-03T21:52:18.754Z] GET /js/studentDetails.js
[2024-07-03T21:52:18.757Z] GET /js/manageStudents.js
[2024-07-03T21:52:18.758Z] GET /js/applicationList.js
[2024-07-03T21:52:18.759Z] GET /js/addClassSubject.js
[2024-07-03T21:52:18.759Z] GET /js/createEmployee.js
[2024-07-03T21:52:23.417Z] POST /account/login
[2024-07-03T21:52:24.983Z] GET /common/orgDashboard
[2024-07-03T21:53:10.677Z] GET /account/login
[2024-07-03T21:53:10.772Z] GET /css/style.css
[2024-07-03T21:53:10.778Z] GET /css/index.css
[2024-07-03T21:53:10.780Z] GET /css/orgDashboard.css
[2024-07-03T21:53:10.781Z] GET /css/applicationList.css
[2024-07-03T21:53:10.782Z] GET /css/addClassSubject.css
[2024-07-03T21:53:10.782Z] GET /css/classDashboard.css
[2024-07-03T21:53:10.869Z] GET /css/attendance.css
[2024-07-03T21:53:10.930Z] GET /css/attendanceCollection.css
[2024-07-03T21:53:11.018Z] GET /css/addStudent.css
[2024-07-03T21:53:11.068Z] GET /css/assessment.css
[2024-07-03T21:53:11.135Z] GET /css/deleteStudent.css
[2024-07-03T21:53:11.265Z] GET /css/editStudent.css
[2024-07-03T21:53:11.399Z] GET /css/manageClassSubjectAndGradYr.css
[2024-07-03T21:53:11.447Z] GET /css/manageRecords.css
[2024-07-03T21:53:11.449Z] GET /css/registerSchoolYear.css
[2024-07-03T21:53:11.450Z] GET /css/studentDetails.css
[2024-07-03T21:53:11.458Z] GET /css/PublicDashboard.css
[2024-07-03T21:53:11.465Z] GET /css/createEmployee.css
[2024-07-03T21:53:11.504Z] GET /css/manageStudents.css
[2024-07-03T21:53:11.507Z] GET /js/management.js
[2024-07-03T21:53:11.508Z] GET /images/1place.png
[2024-07-03T21:53:11.595Z] GET /js/script.js
[2024-07-03T21:53:11.599Z] GET /js/index.js
[2024-07-03T21:53:11.601Z] GET /js/orgDashboard.js
[2024-07-03T21:53:11.602Z] GET /js/classDashboard.js
[2024-07-03T21:53:11.603Z] GET /js/attendance.js
[2024-07-03T21:53:11.603Z] GET /js/attendanceCollection.js
[2024-07-03T21:53:11.704Z] GET /js/addStudent.js
[2024-07-03T21:53:11.734Z] GET /js/assessment.js
[2024-07-03T21:53:11.736Z] GET /js/deleteStudent.js
[2024-07-03T21:53:11.737Z] GET /js/editStudent.js
[2024-07-03T21:53:11.738Z] GET /js/manageClassSubjectAndGradYr.js
[2024-07-03T21:53:11.805Z] GET /js/manageRecords.js
[2024-07-03T21:53:11.806Z] GET /js/registerSchoolYear.js
[2024-07-03T21:53:11.935Z] GET /js/manageStudents.js
[2024-07-03T21:53:11.936Z] GET /js/applicationList.js
[2024-07-03T21:53:11.936Z] GET /js/addClassSubject.js
[2024-07-03T21:53:11.936Z] GET /js/createEmployee.js
[2024-07-03T21:53:11.936Z] GET /js/studentDetails.js
[2024-07-03T21:53:14.456Z] GET /common/orgDashboard
[2024-07-03T21:53:19.174Z] GET /common/manageRecords
[2024-07-03T21:53:21.084Z] GET /common/manageClassSubjectAndGradYr
[2024-07-03T21:59:09.927Z] GET /account/login
[2024-07-03T21:59:10.604Z] GET /css/style.css
[2024-07-03T21:59:10.606Z] GET /css/index.css
[2024-07-03T21:59:10.607Z] GET /css/applicationList.css
[2024-07-03T21:59:10.608Z] GET /css/addClassSubject.css
[2024-07-03T21:59:10.609Z] GET /css/orgDashboard.css
[2024-07-03T21:59:10.610Z] GET /css/classDashboard.css
[2024-07-03T21:59:10.664Z] GET /css/attendance.css
[2024-07-03T21:59:10.790Z] GET /css/attendanceCollection.css
[2024-07-03T21:59:10.911Z] GET /css/addStudent.css
[2024-07-03T21:59:11.047Z] GET /css/assessment.css
[2024-07-03T21:59:11.097Z] GET /css/deleteStudent.css
[2024-07-03T21:59:11.119Z] GET /css/editStudent.css
[2024-07-03T21:59:11.166Z] GET /css/manageClassSubjectAndGradYr.css
[2024-07-03T21:59:11.180Z] GET /css/manageRecords.css
[2024-07-03T21:59:11.186Z] GET /css/registerSchoolYear.css
[2024-07-03T21:59:11.187Z] GET /css/studentDetails.css
[2024-07-03T21:59:11.188Z] GET /css/PublicDashboard.css
[2024-07-03T21:59:11.219Z] GET /css/createEmployee.css
[2024-07-03T21:59:11.246Z] GET /css/manageStudents.css
[2024-07-03T21:59:11.252Z] GET /js/management.js
[2024-07-03T21:59:11.254Z] GET /images/1place.png
[2024-07-03T21:59:11.328Z] GET /js/script.js
[2024-07-03T21:59:11.360Z] GET /js/index.js
[2024-07-03T21:59:11.363Z] GET /js/orgDashboard.js
[2024-07-03T21:59:11.369Z] GET /js/attendance.js
[2024-07-03T21:59:11.370Z] GET /js/classDashboard.js
[2024-07-03T21:59:11.370Z] GET /js/attendanceCollection.js
[2024-07-03T21:59:11.393Z] GET /js/addStudent.js
[2024-07-03T21:59:11.445Z] GET /js/deleteStudent.js
[2024-07-03T21:59:11.446Z] GET /js/assessment.js
[2024-07-03T21:59:11.446Z] GET /js/editStudent.js
[2024-07-03T21:59:11.446Z] GET /js/manageClassSubjectAndGradYr.js
[2024-07-03T21:59:11.447Z] GET /js/manageRecords.js
[2024-07-03T21:59:11.457Z] GET /js/registerSchoolYear.js
[2024-07-03T21:59:11.574Z] GET /js/studentDetails.js
[2024-07-03T21:59:11.578Z] GET /js/manageStudents.js
[2024-07-03T21:59:11.578Z] GET /js/applicationList.js
[2024-07-03T21:59:11.578Z] GET /js/addClassSubject.js
[2024-07-03T21:59:11.578Z] GET /js/createEmployee.js
[2024-07-03T21:59:14.675Z] GET /common/manageRecords
[2024-07-03T22:00:17.053Z] GET /common/manageRecords
[2024-07-03T22:00:17.067Z] GET /account/login
[2024-07-03T22:00:17.144Z] GET /css/style.css
[2024-07-03T22:00:17.145Z] GET /css/classDashboard.css
[2024-07-03T22:00:17.146Z] GET /css/applicationList.css
[2024-07-03T22:00:17.149Z] GET /css/addClassSubject.css
[2024-07-03T22:00:17.157Z] GET /css/orgDashboard.css
[2024-07-03T22:00:17.158Z] GET /css/attendance.css
[2024-07-03T22:00:17.159Z] GET /css/attendanceCollection.css
[2024-07-03T22:00:17.163Z] GET /css/addStudent.css
[2024-07-03T22:00:17.163Z] GET /css/assessment.css
[2024-07-03T22:00:17.163Z] GET /css/index.css
[2024-07-03T22:00:17.167Z] GET /css/deleteStudent.css
[2024-07-03T22:00:17.168Z] GET /css/editStudent.css
[2024-07-03T22:00:17.169Z] GET /css/manageClassSubjectAndGradYr.css
[2024-07-03T22:00:17.172Z] GET /css/manageRecords.css
[2024-07-03T22:00:17.172Z] GET /css/registerSchoolYear.css
[2024-07-03T22:00:17.173Z] GET /css/studentDetails.css
[2024-07-03T22:00:17.177Z] GET /css/PublicDashboard.css
[2024-07-03T22:00:17.178Z] GET /css/createEmployee.css
[2024-07-03T22:00:17.185Z] GET /css/manageStudents.css
[2024-07-03T22:00:17.186Z] GET /js/management.js
[2024-07-03T22:00:17.186Z] GET /images/1place.png
[2024-07-03T22:00:17.201Z] GET /js/script.js
[2024-07-03T22:00:17.204Z] GET /js/index.js
[2024-07-03T22:00:17.204Z] GET /js/orgDashboard.js
[2024-07-03T22:00:17.207Z] GET /js/classDashboard.js
[2024-07-03T22:00:17.209Z] GET /js/attendance.js
[2024-07-03T22:00:17.213Z] GET /js/attendanceCollection.js
[2024-07-03T22:00:17.216Z] GET /js/addStudent.js
[2024-07-03T22:00:17.219Z] GET /js/deleteStudent.js
[2024-07-03T22:00:17.219Z] GET /js/assessment.js
[2024-07-03T22:00:17.234Z] GET /js/editStudent.js
[2024-07-03T22:00:17.235Z] GET /js/manageClassSubjectAndGradYr.js
[2024-07-03T22:00:17.240Z] GET /js/manageRecords.js
[2024-07-03T22:00:17.241Z] GET /js/studentDetails.js
[2024-07-03T22:00:17.241Z] GET /js/registerSchoolYear.js
[2024-07-03T22:00:17.251Z] GET /js/createEmployee.js
[2024-07-03T22:00:17.256Z] GET /js/manageStudents.js
[2024-07-03T22:00:17.256Z] GET /js/applicationList.js
[2024-07-03T22:00:17.257Z] GET /js/addClassSubject.js
[2024-07-03T22:00:23.322Z] POST /account/login
[2024-07-03T22:00:25.630Z] GET /common/orgDashboard
[2024-07-03T22:00:56.695Z] GET /admin
[2024-07-03T22:00:58.687Z] GET /admin
[2024-07-03T22:01:00.570Z] GET /account/login
[2024-07-03T22:01:00.714Z] GET /css/index.css
[2024-07-03T22:01:00.716Z] GET /css/style.css
[2024-07-03T22:01:00.718Z] GET /css/applicationList.css
[2024-07-03T22:01:00.719Z] GET /css/addClassSubject.css
[2024-07-03T22:01:00.720Z] GET /css/orgDashboard.css
[2024-07-03T22:01:00.721Z] GET /css/classDashboard.css
[2024-07-03T22:01:00.777Z] GET /css/attendance.css
[2024-07-03T22:01:00.840Z] GET /css/attendanceCollection.css
[2024-07-03T22:01:01.005Z] GET /css/addStudent.css
[2024-07-03T22:01:01.139Z] GET /css/assessment.css
[2024-07-03T22:01:01.196Z] GET /css/deleteStudent.css
[2024-07-03T22:01:01.198Z] GET /css/editStudent.css
[2024-07-03T22:01:01.199Z] GET /css/manageClassSubjectAndGradYr.css
[2024-07-03T22:01:01.208Z] GET /css/manageRecords.css
[2024-07-03T22:01:01.257Z] GET /css/registerSchoolYear.css
[2024-07-03T22:01:01.260Z] GET /css/studentDetails.css
[2024-07-03T22:01:01.260Z] GET /css/PublicDashboard.css
[2024-07-03T22:01:01.270Z] GET /css/createEmployee.css
[2024-07-03T22:01:01.320Z] GET /css/manageStudents.css
[2024-07-03T22:01:01.321Z] GET /js/management.js
[2024-07-03T22:01:01.324Z] GET /images/1place.png
[2024-07-03T22:01:02.378Z] GET /js/script.js
[2024-07-03T22:01:02.450Z] GET /js/index.js
[2024-07-03T22:01:02.550Z] GET /js/orgDashboard.js
[2024-07-03T22:01:02.628Z] GET /js/classDashboard.js
[2024-07-03T22:01:02.790Z] GET /js/attendance.js
[2024-07-03T22:01:02.845Z] GET /js/attendanceCollection.js
[2024-07-03T22:01:03.243Z] GET /js/addStudent.js
[2024-07-03T22:01:03.654Z] GET /js/assessment.js
[2024-07-03T22:01:03.767Z] GET /js/deleteStudent.js
[2024-07-03T22:01:04.285Z] GET /js/editStudent.js
[2024-07-03T22:01:04.554Z] GET /js/manageClassSubjectAndGradYr.js
[2024-07-03T22:01:04.609Z] GET /js/manageRecords.js
[2024-07-03T22:01:04.664Z] GET /js/registerSchoolYear.js
[2024-07-03T22:01:04.716Z] GET /js/studentDetails.js
[2024-07-03T22:01:04.895Z] GET /js/createEmployee.js
[2024-07-03T22:01:04.953Z] GET /js/manageStudents.js
[2024-07-03T22:01:05.006Z] GET /js/applicationList.js
[2024-07-03T22:01:05.074Z] GET /js/addClassSubject.js
[2024-07-03T22:01:13.300Z] GET /common/orgDashboard
[2024-07-03T22:01:21.505Z] GET /common/manageClassSubjectAndGradYr
[2024-07-03T22:01:35.443Z] POST /account/login
[2024-07-03T22:01:35.804Z] GET /common/orgDashboard
[2024-07-03T22:01:40.405Z] GET /admin
[2024-07-03T22:03:32.854Z] GET /admin
[2024-07-03T22:03:32.868Z] GET /account/login
[2024-07-03T22:03:32.911Z] GET /css/style.css
[2024-07-03T22:03:32.915Z] GET /css/index.css
[2024-07-03T22:03:32.921Z] GET /css/orgDashboard.css
[2024-07-03T22:03:32.922Z] GET /css/applicationList.css
[2024-07-03T22:03:32.928Z] GET /css/attendance.css
[2024-07-03T22:03:32.929Z] GET /css/attendanceCollection.css
[2024-07-03T22:03:32.930Z] GET /css/addClassSubject.css
[2024-07-03T22:03:32.937Z] GET /css/addStudent.css
[2024-07-03T22:03:32.938Z] GET /css/assessment.css
[2024-07-03T22:03:32.938Z] GET /css/classDashboard.css
[2024-07-03T22:03:32.941Z] GET /css/deleteStudent.css
[2024-07-03T22:03:32.941Z] GET /css/editStudent.css
[2024-07-03T22:03:32.946Z] GET /css/manageClassSubjectAndGradYr.css
[2024-07-03T22:03:32.947Z] GET /css/manageRecords.css
[2024-07-03T22:03:32.949Z] GET /css/registerSchoolYear.css
[2024-07-03T22:03:32.949Z] GET /css/studentDetails.css
[2024-07-03T22:03:32.949Z] GET /css/PublicDashboard.css
[2024-07-03T22:03:32.949Z] GET /css/createEmployee.css
[2024-07-03T22:03:32.953Z] GET /css/manageStudents.css
[2024-07-03T22:03:32.957Z] GET /js/management.js
[2024-07-03T22:03:32.961Z] GET /images/1place.png
[2024-07-03T22:03:32.981Z] GET /js/orgDashboard.js
[2024-07-03T22:03:32.982Z] GET /js/script.js
[2024-07-03T22:03:32.983Z] GET /js/index.js
[2024-07-03T22:03:32.985Z] GET /js/classDashboard.js
[2024-07-03T22:03:32.986Z] GET /js/attendance.js
[2024-07-03T22:03:32.986Z] GET /js/attendanceCollection.js
[2024-07-03T22:03:32.992Z] GET /js/addStudent.js
[2024-07-03T22:03:32.995Z] GET /js/assessment.js
[2024-07-03T22:03:32.995Z] GET /js/deleteStudent.js
[2024-07-03T22:03:32.997Z] GET /js/editStudent.js
[2024-07-03T22:03:33.000Z] GET /js/manageClassSubjectAndGradYr.js
[2024-07-03T22:03:33.004Z] GET /js/manageRecords.js
[2024-07-03T22:03:33.008Z] GET /js/studentDetails.js
[2024-07-03T22:03:33.009Z] GET /js/registerSchoolYear.js
[2024-07-03T22:03:33.016Z] GET /js/createEmployee.js
[2024-07-03T22:03:33.017Z] GET /js/manageStudents.js
[2024-07-03T22:03:33.017Z] GET /js/applicationList.js
[2024-07-03T22:03:33.028Z] GET /js/addClassSubject.js
[2024-07-03T22:03:37.747Z] GET /
[2024-07-03T22:03:37.783Z] GET /css/style.css
[2024-07-03T22:03:37.786Z] GET /css/index.css
[2024-07-03T22:03:37.790Z] GET /css/applicationList.css
[2024-07-03T22:03:37.792Z] GET /css/orgDashboard.css
[2024-07-03T22:03:37.793Z] GET /css/addClassSubject.css
[2024-07-03T22:03:37.793Z] GET /css/classDashboard.css
[2024-07-03T22:03:37.796Z] GET /css/attendance.css
[2024-07-03T22:03:37.797Z] GET /css/addStudent.css
[2024-07-03T22:03:37.798Z] GET /css/attendanceCollection.css
[2024-07-03T22:03:37.800Z] GET /css/assessment.css
[2024-07-03T22:03:37.800Z] GET /css/deleteStudent.css
[2024-07-03T22:03:37.800Z] GET /css/editStudent.css
[2024-07-03T22:03:37.803Z] GET /css/manageClassSubjectAndGradYr.css
[2024-07-03T22:03:37.803Z] GET /css/manageRecords.css
[2024-07-03T22:03:37.804Z] GET /css/registerSchoolYear.css
[2024-07-03T22:03:37.805Z] GET /css/studentDetails.css
[2024-07-03T22:03:37.805Z] GET /css/PublicDashboard.css
[2024-07-03T22:03:37.805Z] GET /css/createEmployee.css
[2024-07-03T22:03:37.807Z] GET /css/manageStudents.css
[2024-07-03T22:03:37.810Z] GET /js/management.js
[2024-07-03T22:03:37.810Z] GET /images/1place.png
[2024-07-03T22:03:37.811Z] GET /images/home.jpeg
[2024-07-03T22:03:37.824Z] GET /js/script.js
[2024-07-03T22:03:37.828Z] GET /js/index.js
[2024-07-03T22:03:37.830Z] GET /js/orgDashboard.js
[2024-07-03T22:03:37.830Z] GET /images/bea.jpeg
[2024-07-03T22:03:37.830Z] GET /images/beach.jpeg
[2024-07-03T22:03:37.830Z] GET /js/classDashboard.js
[2024-07-03T22:03:37.834Z] GET /js/attendance.js
[2024-07-03T22:03:37.836Z] GET /js/attendanceCollection.js
[2024-07-03T22:03:37.836Z] GET /js/addStudent.js
[2024-07-03T22:03:37.846Z] GET /js/deleteStudent.js
[2024-07-03T22:03:37.846Z] GET /js/assessment.js
[2024-07-03T22:03:37.846Z] GET /js/editStudent.js
[2024-07-03T22:03:37.847Z] GET /js/manageClassSubjectAndGradYr.js
[2024-07-03T22:03:37.849Z] GET /js/manageRecords.js
[2024-07-03T22:03:37.853Z] GET /js/studentDetails.js
[2024-07-03T22:03:37.857Z] GET /js/manageStudents.js
[2024-07-03T22:03:37.858Z] GET /js/applicationList.js
[2024-07-03T22:03:37.858Z] GET /js/registerSchoolYear.js
[2024-07-03T22:03:37.859Z] GET /js/createEmployee.js
[2024-07-03T22:03:37.864Z] GET /js/addClassSubject.js
[2024-07-03T22:03:39.747Z] GET /account/login
[2024-07-03T22:03:39.790Z] GET /css/style.css
[2024-07-03T22:03:39.796Z] GET /css/index.css
[2024-07-03T22:03:39.798Z] GET /css/orgDashboard.css
[2024-07-03T22:03:39.798Z] GET /css/applicationList.css
[2024-07-03T22:03:39.798Z] GET /css/addClassSubject.css
[2024-07-03T22:03:39.802Z] GET /css/classDashboard.css
[2024-07-03T22:03:39.802Z] GET /css/attendance.css
[2024-07-03T22:03:39.804Z] GET /css/attendanceCollection.css
[2024-07-03T22:03:39.805Z] GET /css/addStudent.css
[2024-07-03T22:03:39.805Z] GET /css/assessment.css
[2024-07-03T22:03:39.806Z] GET /css/deleteStudent.css
[2024-07-03T22:03:39.807Z] GET /css/editStudent.css
[2024-07-03T22:03:39.807Z] GET /css/manageClassSubjectAndGradYr.css
[2024-07-03T22:03:39.810Z] GET /css/manageRecords.css
[2024-07-03T22:03:39.811Z] GET /css/registerSchoolYear.css
[2024-07-03T22:03:39.811Z] GET /css/studentDetails.css
[2024-07-03T22:03:39.811Z] GET /css/PublicDashboard.css
[2024-07-03T22:03:39.811Z] GET /css/createEmployee.css
[2024-07-03T22:03:39.811Z] GET /css/manageStudents.css
[2024-07-03T22:03:39.818Z] GET /js/management.js
[2024-07-03T22:03:39.819Z] GET /images/1place.png
[2024-07-03T22:03:39.830Z] GET /js/script.js
[2024-07-03T22:03:39.831Z] GET /js/index.js
[2024-07-03T22:03:39.834Z] GET /js/orgDashboard.js
[2024-07-03T22:03:39.835Z] GET /js/classDashboard.js
[2024-07-03T22:03:39.836Z] GET /js/attendance.js
[2024-07-03T22:03:39.836Z] GET /js/attendanceCollection.js
[2024-07-03T22:03:39.839Z] GET /js/addStudent.js
[2024-07-03T22:03:39.839Z] GET /js/assessment.js
[2024-07-03T22:03:39.850Z] GET /js/deleteStudent.js
[2024-07-03T22:03:39.852Z] GET /js/manageClassSubjectAndGradYr.js
[2024-07-03T22:03:39.852Z] GET /js/editStudent.js
[2024-07-03T22:03:39.857Z] GET /js/manageRecords.js
[2024-07-03T22:03:39.857Z] GET /js/registerSchoolYear.js
[2024-07-03T22:03:39.857Z] GET /js/studentDetails.js
[2024-07-03T22:03:39.861Z] GET /js/manageStudents.js
[2024-07-03T22:03:39.862Z] GET /js/createEmployee.js
[2024-07-03T22:03:39.865Z] GET /js/applicationList.js
[2024-07-03T22:03:39.867Z] GET /js/addClassSubject.js
[2024-07-03T22:03:45.430Z] POST /account/login
[2024-07-03T22:03:46.159Z] GET /common/orgDashboard
[2024-07-03T22:03:56.061Z] GET /admin
